   INFO | Calculating optics parameters - code version 0.24.4 | optics_measurements.measure_optics
   INFO | -- Run phase calculation with requested compensation | optics_measurements.phase
   INFO | Calculating phase advances | optics_measurements.phase
   INFO | Measured tune in plane X = 0.540943145752 | optics_measurements.phase
   INFO | Writing phases: 2 | optics_measurements.phase
   INFO | Phase advance beating in phase_x.tfs = 0.23961576442442345 | optics_measurements.phase
   INFO | Phase advance beating in total_phase_x.tfs = 0.267907498714268 | optics_measurements.phase
  DEBUG | Accelerator Error Definition | optics_measurements.beta_from_phase
  DEBUG | Start creating uncertainty information | optics_measurements.beta_from_phase
  DEBUG | creating uncertainty information for RegEx ^Q | optics_measurements.beta_from_phase
  DEBUG | creating uncertainty information for RegEx ^S | optics_measurements.beta_from_phase
  DEBUG | creating uncertainty information for RegEx ^MQ | optics_measurements.beta_from_phase
  DEBUG | DONE creating uncertainty information | optics_measurements.beta_from_phase
WARNING | No best knowledge model - using the normal one. | optics_measurements.beta_from_phase
  DEBUG | ValueError or no combinations left at MQLB4LE.
betas:
[]
alphas:
[] | optics_measurements.beta_from_phase
  DEBUG | ValueError or no combinations left at MQLA2LE.
betas:
[]
alphas:
[] | optics_measurements.beta_from_phase
  DEBUG | ValueError or no combinations left at MQLA5LE.
betas:
[]
alphas:
[] | optics_measurements.beta_from_phase
  DEBUG | ValueError or no combinations left at MQD3E1.
betas:
[]
alphas:
[] | optics_measurements.beta_from_phase
  DEBUG | ValueError or no combinations left at MQEAE4.
betas:
[]
alphas:
[] | optics_measurements.beta_from_phase
  DEBUG | ValueError or no combinations left at MQD3E4.
betas:
[]
alphas:
[] | optics_measurements.beta_from_phase
  DEBUG | ValueError or no combinations left at MQEAE6.
betas:
[]
alphas:
[] | optics_measurements.beta_from_phase
  DEBUG | ValueError or no combinations left at MQTATNE1.
betas:
[]
alphas:
[] | optics_measurements.beta_from_phase
  DEBUG | ValueError or no combinations left at MQTATNE2.
betas:
[]
alphas:
[] | optics_measurements.beta_from_phase
  DEBUG | ValueError or no combinations left at MQEAE8.
betas:
[]
alphas:
[] | optics_measurements.beta_from_phase
  DEBUG | ValueError or no combinations left at MQD3E8.
betas:
[]
alphas:
[] | optics_measurements.beta_from_phase
  DEBUG | ValueError or no combinations left at MQEAE10.
betas:
[]
alphas:
[] | optics_measurements.beta_from_phase
  DEBUG | ValueError or no combinations left at MQEAE11.
betas:
[]
alphas:
[] | optics_measurements.beta_from_phase
  DEBUG | ValueError or no combinations left at MQR2NE1.
betas:
[]
alphas:
[] | optics_measurements.beta_from_phase
  DEBUG | ValueError or no combinations left at MQFRNE3.
betas:
[]
alphas:
[] | optics_measurements.beta_from_phase
  DEBUG | ValueError or no combinations left at MQDRNE5.
betas:
[]
alphas:
[] | optics_measurements.beta_from_phase
  DEBUG | ValueError or no combinations left at MQEAE13.
betas:
[]
alphas:
[] | optics_measurements.beta_from_phase
  DEBUG | ValueError or no combinations left at MQD3E12.
betas:
[]
alphas:
[] | optics_measurements.beta_from_phase
  DEBUG | ValueError or no combinations left at MQEAE16.
betas:
[]
alphas:
[] | optics_measurements.beta_from_phase
  DEBUG | ValueError or no combinations left at MQD3E14.
betas:
[]
alphas:
[] | optics_measurements.beta_from_phase
  DEBUG | ValueError or no combinations left at MQEAE18.
betas:
[]
alphas:
[] | optics_measurements.beta_from_phase
  DEBUG | ValueError or no combinations left at MQTANFE1.
betas:
[]
alphas:
[] | optics_measurements.beta_from_phase
  DEBUG | ValueError or no combinations left at MQD3E16.
betas:
[]
alphas:
[] | optics_measurements.beta_from_phase
  DEBUG | ValueError or no combinations left at MQEAE20.
betas:
[]
alphas:
[] | optics_measurements.beta_from_phase
  DEBUG | ValueError or no combinations left at MQD3E18.
betas:
[]
alphas:
[] | optics_measurements.beta_from_phase
  DEBUG | ValueError or no combinations left at MQEAE22.
betas:
[]
alphas:
[] | optics_measurements.beta_from_phase
  DEBUG | ValueError or no combinations left at MQEAE23.
betas:
[]
alphas:
[] | optics_measurements.beta_from_phase
  DEBUG | ValueError or no combinations left at MQI6E.
betas:
[]
alphas:
[] | optics_measurements.beta_from_phase
  DEBUG | ValueError or no combinations left at MQI5E.
betas:
[]
alphas:
[] | optics_measurements.beta_from_phase
  DEBUG | ValueError or no combinations left at MQI4E.
betas:
[]
alphas:
[] | optics_measurements.beta_from_phase
  DEBUG | ValueError or no combinations left at MQX2RE.
betas:
[]
alphas:
[] | optics_measurements.beta_from_phase
  DEBUG | ValueError or no combinations left at MQM2E.
betas:
[]
alphas:
[] | optics_measurements.beta_from_phase
  DEBUG | ValueError or no combinations left at MQM7E.
betas:
[]
alphas:
[] | optics_measurements.beta_from_phase
  DEBUG | ValueError or no combinations left at MQEAE25.
betas:
[]
alphas:
[] | optics_measurements.beta_from_phase
  DEBUG | ValueError or no combinations left at MQD3E21.
betas:
[]
alphas:
[] | optics_measurements.beta_from_phase
  DEBUG | ValueError or no combinations left at MQEAE27.
betas:
[]
alphas:
[] | optics_measurements.beta_from_phase
  DEBUG | ValueError or no combinations left at MQD3E23.
betas:
[]
alphas:
[] | optics_measurements.beta_from_phase
  DEBUG | ValueError or no combinations left at MQEAE29.
betas:
[]
alphas:
[] | optics_measurements.beta_from_phase
  DEBUG | ValueError or no combinations left at MQEAE30.
betas:
[]
alphas:
[] | optics_measurements.beta_from_phase
  DEBUG | ValueError or no combinations left at MQTAFOE1.
betas:
[]
alphas:
[] | optics_measurements.beta_from_phase
  DEBUG | ValueError or no combinations left at MQTAFOE2.
betas:
[]
alphas:
[] | optics_measurements.beta_from_phase
  DEBUG | ValueError or no combinations left at MQEAE32.
betas:
[]
alphas:
[] | optics_measurements.beta_from_phase
  DEBUG | ValueError or no combinations left at MQD3E29.
betas:
[]
alphas:
[] | optics_measurements.beta_from_phase
  DEBUG | ValueError or no combinations left at MQEAE35.
betas:
[]
alphas:
[] | optics_measurements.beta_from_phase
  DEBUG | ValueError or no combinations left at MQR2ORE.
betas:
[]
alphas:
[] | optics_measurements.beta_from_phase
  DEBUG | ValueError or no combinations left at MQDROE5.
betas:
[]
alphas:
[] | optics_measurements.beta_from_phase
  DEBUG | ValueError or no combinations left at MQEAE37.
betas:
[]
alphas:
[] | optics_measurements.beta_from_phase
  DEBUG | ValueError or no combinations left at MQD3E31.
betas:
[]
alphas:
[] | optics_measurements.beta_from_phase
  DEBUG | ValueError or no combinations left at MQEAE39.
betas:
[]
alphas:
[] | optics_measurements.beta_from_phase
  DEBUG | ValueError or no combinations left at MQD3E33.
betas:
[]
alphas:
[] | optics_measurements.beta_from_phase
  DEBUG | ValueError or no combinations left at MQEAE41.
betas:
[]
alphas:
[] | optics_measurements.beta_from_phase
  DEBUG | ValueError or no combinations left at MQTAOTE1.
betas:
[]
alphas:
[] | optics_measurements.beta_from_phase
  DEBUG | ValueError or no combinations left at MQTAOTE2.
betas:
[]
alphas:
[] | optics_measurements.beta_from_phase
  DEBUG | ValueError or no combinations left at MQEAE44.
betas:
[]
alphas:
[] | optics_measurements.beta_from_phase
  DEBUG | ValueError or no combinations left at MQEAE45.
betas:
[]
alphas:
[] | optics_measurements.beta_from_phase
  DEBUG | ValueError or no combinations left at MQD3E40.
betas:
[]
alphas:
[] | optics_measurements.beta_from_phase
  DEBUG | ValueError or no combinations left at MQLA2RE.
betas:
[]
alphas:
[] | optics_measurements.beta_from_phase
  DEBUG | ValueError or no combinations left at MQLB8RE.
betas:
[]
alphas:
[] | optics_measurements.beta_from_phase
  DEBUG | ValueError or no combinations left at MQLB1RE.
betas:
[]
alphas:
[] | optics_measurements.beta_from_phase
  DEBUG | ValueError or no combinations left at MQLC7RE.
betas:
[]
alphas:
[] | optics_measurements.beta_from_phase
  DEBUG | ValueError or no combinations left at MQC2RE.
betas:
[]
alphas:
[] | optics_measurements.beta_from_phase
  DEBUG | No valid combinations for BPMs: ['MQLB4LE', 'MQLA2LE', 'MQLA5LE', 'MQD3E1', 'MQEAE4', 'MQD3E4', 'MQEAE6', 'MQTATNE1', 'MQTATNE2', 'MQEAE8', 'MQD3E8', 'MQEAE10', 'MQEAE11', 'MQR2NE1', 'MQFRNE3', 'MQDRNE5', 'MQEAE13', 'MQD3E12', 'MQEAE16', 'MQD3E14', 'MQEAE18', 'MQTANFE1', 'MQD3E16', 'MQEAE20', 'MQD3E18', 'MQEAE22', 'MQEAE23', 'MQI6E', 'MQI5E', 'MQI4E', 'MQX2RE', 'MQM2E', 'MQM7E', 'MQEAE25', 'MQD3E21', 'MQEAE27', 'MQD3E23', 'MQEAE29', 'MQEAE30', 'MQTAFOE1', 'MQTAFOE2', 'MQEAE32', 'MQD3E29', 'MQEAE35', 'MQR2ORE', 'MQDROE5', 'MQEAE37', 'MQD3E31', 'MQEAE39', 'MQD3E33', 'MQEAE41', 'MQTAOTE1', 'MQTAOTE2', 'MQEAE44', 'MQEAE45', 'MQD3E40', 'MQLA2RE', 'MQLB8RE', 'MQLB1RE', 'MQLC7RE', 'MQC2RE']. | optics_measurements.beta_from_phase
   INFO | Errors from Analytical N-BPM method | optics_measurements.beta_from_phase
   INFO |  - RMS beta beat: 1789.293% | optics_measurements.beta_from_phase
  DEBUG | Accelerator SKekB has not get_ips method. | optics_measurements.interaction_point
   INFO | -- Run phase calculation with requested compensation | optics_measurements.phase
   INFO | Calculating phase advances | optics_measurements.phase
   INFO | Measured tune in plane Y = 0.577559412443 | optics_measurements.phase
   INFO | Writing phases: 2 | optics_measurements.phase
   INFO | Phase advance beating in phase_y.tfs = 0.25992811864352 | optics_measurements.phase
   INFO | Phase advance beating in total_phase_y.tfs = 0.2675080340124003 | optics_measurements.phase
  DEBUG | Accelerator Error Definition | optics_measurements.beta_from_phase
  DEBUG | Start creating uncertainty information | optics_measurements.beta_from_phase
  DEBUG | creating uncertainty information for RegEx ^Q | optics_measurements.beta_from_phase
  DEBUG | creating uncertainty information for RegEx ^S | optics_measurements.beta_from_phase
  DEBUG | creating uncertainty information for RegEx ^MQ | optics_measurements.beta_from_phase
  DEBUG | DONE creating uncertainty information | optics_measurements.beta_from_phase
WARNING | No best knowledge model - using the normal one. | optics_measurements.beta_from_phase
  DEBUG | ValueError or no combinations left at MQC2LE.
betas:
[]
alphas:
[] | optics_measurements.beta_from_phase
  DEBUG | ValueError or no combinations left at MQLC7LE.
betas:
[]
alphas:
[] | optics_measurements.beta_from_phase
  DEBUG | ValueError or no combinations left at MQLB1LE.
betas:
[]
alphas:
[] | optics_measurements.beta_from_phase
  DEBUG | ValueError or no combinations left at MQLA2LE.
betas:
[]
alphas:
[] | optics_measurements.beta_from_phase
  DEBUG | ValueError or no combinations left at MQLA5LE.
betas:
[]
alphas:
[] | optics_measurements.beta_from_phase
  DEBUG | ValueError or no combinations left at MQD3E1.
betas:
[]
alphas:
[] | optics_measurements.beta_from_phase
  DEBUG | ValueError or no combinations left at MQEAE4.
betas:
[]
alphas:
[] | optics_measurements.beta_from_phase
  DEBUG | ValueError or no combinations left at MQD3E4.
betas:
[]
alphas:
[] | optics_measurements.beta_from_phase
  DEBUG | ValueError or no combinations left at MQEAE6.
betas:
[]
alphas:
[] | optics_measurements.beta_from_phase
  DEBUG | ValueError or no combinations left at MQTATNE1.
betas:
[]
alphas:
[] | optics_measurements.beta_from_phase
  DEBUG | ValueError or no combinations left at MQTATNE2.
betas:
[]
alphas:
[] | optics_measurements.beta_from_phase
  DEBUG | ValueError or no combinations left at MQEAE8.
betas:
[]
alphas:
[] | optics_measurements.beta_from_phase
  DEBUG | ValueError or no combinations left at MQD3E8.
betas:
[]
alphas:
[] | optics_measurements.beta_from_phase
  DEBUG | ValueError or no combinations left at MQEAE10.
betas:
[]
alphas:
[] | optics_measurements.beta_from_phase
  DEBUG | ValueError or no combinations left at MQEAE11.
betas:
[]
alphas:
[] | optics_measurements.beta_from_phase
  DEBUG | ValueError or no combinations left at MQR2NE1.
betas:
[]
alphas:
[] | optics_measurements.beta_from_phase
  DEBUG | ValueError or no combinations left at MQFRNE3.
betas:
[]
alphas:
[] | optics_measurements.beta_from_phase
  DEBUG | ValueError or no combinations left at MQDRNE5.
betas:
[]
alphas:
[] | optics_measurements.beta_from_phase
  DEBUG | ValueError or no combinations left at MQEAE13.
betas:
[]
alphas:
[] | optics_measurements.beta_from_phase
  DEBUG | ValueError or no combinations left at MQD3E12.
betas:
[]
alphas:
[] | optics_measurements.beta_from_phase
  DEBUG | ValueError or no combinations left at MQEAE16.
betas:
[]
alphas:
[] | optics_measurements.beta_from_phase
  DEBUG | ValueError or no combinations left at MQD3E14.
betas:
[]
alphas:
[] | optics_measurements.beta_from_phase
  DEBUG | ValueError or no combinations left at MQEAE18.
betas:
[]
alphas:
[] | optics_measurements.beta_from_phase
  DEBUG | ValueError or no combinations left at MQTANFE1.
betas:
[]
alphas:
[] | optics_measurements.beta_from_phase
  DEBUG | ValueError or no combinations left at MQD3E16.
betas:
[]
alphas:
[] | optics_measurements.beta_from_phase
  DEBUG | ValueError or no combinations left at MQEAE20.
betas:
[]
alphas:
[] | optics_measurements.beta_from_phase
  DEBUG | ValueError or no combinations left at MQD3E18.
betas:
[]
alphas:
[] | optics_measurements.beta_from_phase
  DEBUG | ValueError or no combinations left at MQEAE22.
betas:
[]
alphas:
[] | optics_measurements.beta_from_phase
  DEBUG | ValueError or no combinations left at MQEAE23.
betas:
[]
alphas:
[] | optics_measurements.beta_from_phase
  DEBUG | ValueError or no combinations left at MQI6E.
betas:
[]
alphas:
[] | optics_measurements.beta_from_phase
  DEBUG | ValueError or no combinations left at MQI5E.
betas:
[]
alphas:
[] | optics_measurements.beta_from_phase
  DEBUG | ValueError or no combinations left at MQI4E.
betas:
[]
alphas:
[] | optics_measurements.beta_from_phase
  DEBUG | ValueError or no combinations left at MQX2RE.
betas:
[]
alphas:
[] | optics_measurements.beta_from_phase
  DEBUG | ValueError or no combinations left at MQM2E.
betas:
[]
alphas:
[] | optics_measurements.beta_from_phase
  DEBUG | ValueError or no combinations left at MQM7E.
betas:
[]
alphas:
[] | optics_measurements.beta_from_phase
  DEBUG | ValueError or no combinations left at MQEAE25.
betas:
[]
alphas:
[] | optics_measurements.beta_from_phase
  DEBUG | ValueError or no combinations left at MQD3E21.
betas:
[]
alphas:
[] | optics_measurements.beta_from_phase
  DEBUG | ValueError or no combinations left at MQEAE27.
betas:
[]
alphas:
[] | optics_measurements.beta_from_phase
  DEBUG | ValueError or no combinations left at MQD3E23.
betas:
[]
alphas:
[] | optics_measurements.beta_from_phase
  DEBUG | ValueError or no combinations left at MQEAE29.
betas:
[]
alphas:
[] | optics_measurements.beta_from_phase
  DEBUG | ValueError or no combinations left at MQEAE30.
betas:
[]
alphas:
[] | optics_measurements.beta_from_phase
  DEBUG | ValueError or no combinations left at MQTAFOE1.
betas:
[]
alphas:
[] | optics_measurements.beta_from_phase
  DEBUG | ValueError or no combinations left at MQTAFOE2.
betas:
[]
alphas:
[] | optics_measurements.beta_from_phase
  DEBUG | ValueError or no combinations left at MQEAE32.
betas:
[]
alphas:
[] | optics_measurements.beta_from_phase
  DEBUG | ValueError or no combinations left at MQD3E29.
betas:
[]
alphas:
[] | optics_measurements.beta_from_phase
  DEBUG | ValueError or no combinations left at MQEAE35.
betas:
[]
alphas:
[] | optics_measurements.beta_from_phase
  DEBUG | ValueError or no combinations left at MQR2ORE.
betas:
[]
alphas:
[] | optics_measurements.beta_from_phase
  DEBUG | ValueError or no combinations left at MQDROE5.
betas:
[]
alphas:
[] | optics_measurements.beta_from_phase
  DEBUG | ValueError or no combinations left at MQEAE37.
betas:
[]
alphas:
[] | optics_measurements.beta_from_phase
  DEBUG | ValueError or no combinations left at MQD3E31.
betas:
[]
alphas:
[] | optics_measurements.beta_from_phase
  DEBUG | ValueError or no combinations left at MQEAE39.
betas:
[]
alphas:
[] | optics_measurements.beta_from_phase
  DEBUG | ValueError or no combinations left at MQD3E33.
betas:
[]
alphas:
[] | optics_measurements.beta_from_phase
  DEBUG | ValueError or no combinations left at MQEAE41.
betas:
[]
alphas:
[] | optics_measurements.beta_from_phase
  DEBUG | ValueError or no combinations left at MQTAOTE1.
betas:
[]
alphas:
[] | optics_measurements.beta_from_phase
  DEBUG | ValueError or no combinations left at MQTAOTE2.
betas:
[]
alphas:
[] | optics_measurements.beta_from_phase
  DEBUG | ValueError or no combinations left at MQEAE44.
betas:
[]
alphas:
[] | optics_measurements.beta_from_phase
  DEBUG | ValueError or no combinations left at MQEAE45.
betas:
[]
alphas:
[] | optics_measurements.beta_from_phase
  DEBUG | ValueError or no combinations left at MQD3E40.
betas:
[]
alphas:
[] | optics_measurements.beta_from_phase
  DEBUG | No valid combinations for BPMs: ['MQC2LE', 'MQLC7LE', 'MQLB1LE', 'MQLA2LE', 'MQLA5LE', 'MQD3E1', 'MQEAE4', 'MQD3E4', 'MQEAE6', 'MQTATNE1', 'MQTATNE2', 'MQEAE8', 'MQD3E8', 'MQEAE10', 'MQEAE11', 'MQR2NE1', 'MQFRNE3', 'MQDRNE5', 'MQEAE13', 'MQD3E12', 'MQEAE16', 'MQD3E14', 'MQEAE18', 'MQTANFE1', 'MQD3E16', 'MQEAE20', 'MQD3E18', 'MQEAE22', 'MQEAE23', 'MQI6E', 'MQI5E', 'MQI4E', 'MQX2RE', 'MQM2E', 'MQM7E', 'MQEAE25', 'MQD3E21', 'MQEAE27', 'MQD3E23', 'MQEAE29', 'MQEAE30', 'MQTAFOE1', 'MQTAFOE2', 'MQEAE32', 'MQD3E29', 'MQEAE35', 'MQR2ORE', 'MQDROE5', 'MQEAE37', 'MQD3E31', 'MQEAE39', 'MQD3E33', 'MQEAE41', 'MQTAOTE1', 'MQTAOTE2', 'MQEAE44', 'MQEAE45', 'MQD3E40']. | optics_measurements.beta_from_phase
   INFO | Errors from Analytical N-BPM method | optics_measurements.beta_from_phase
   INFO |  - RMS beta beat: 831.248% | optics_measurements.beta_from_phase
  DEBUG | Accelerator SKekB has not get_ips method. | optics_measurements.interaction_point
   INFO | Calculating coupling | optics_measurements.coupling
  DEBUG | Intersecting measurements, starting with model | optics_measurements.coupling
  DEBUG | Averaging (arithmetic mean) amplitude columns | optics_measurements.coupling
  DEBUG | Averaging (circular mean) frequency columns | optics_measurements.coupling
  DEBUG | Finding BPM pairs for momentum reconstruction | optics_measurements.coupling
  DEBUG | Computing complex lines from spectra | optics_measurements.coupling
  DEBUG | Computing average of coupling RDTs | optics_measurements.coupling
  DEBUG | Getting tune separation from measurements | optics_measurements.coupling
  DEBUG | Calculating approximated Cminus | optics_measurements.coupling
   INFO | |C-| (approx) = 0.00003, tune_sep = 0.036, from Eq.1 in PRSTAB 17,051004 | optics_measurements.coupling
  DEBUG | Calculating exact Cminus | optics_measurements.coupling
   INFO | |C-| (exact)  = 0.00000, from Eq.2 w/o i*s*Delta/R in PRSTAB 17,051004 | optics_measurements.coupling
  DEBUG | Adding model values and deltas | optics_measurements.coupling
  DEBUG | Computing RDT amplitude values | optics_measurements.coupling
  DEBUG | Computing phase values | optics_measurements.coupling
  DEBUG | Computing deviation from model | optics_measurements.coupling
  DEBUG | Computing error values | optics_measurements.coupling
  DEBUG | Adding real and imaginary parts columns | optics_measurements.coupling
  DEBUG | Computing RDT amplitude values | optics_measurements.coupling
  DEBUG | Computing phase values | optics_measurements.coupling
  DEBUG | Computing deviation from model | optics_measurements.coupling
  DEBUG | Computing error values | optics_measurements.coupling
  DEBUG | Adding real and imaginary parts columns | optics_measurements.coupling
